#
# A fatal error has been detected by the Java Runtime Environment:
#
#  SIGSEGV (0xb) at pc=0x00007fffb5bcc01d, pid=90217, tid=0x0000000000000307
#
# JRE version: Java(TM) SE Runtime Environment (8.0_101-b13) (build 1.8.0_101-b13)
# Java VM: Java HotSpot(TM) 64-Bit Server VM (25.101-b13 mixed mode bsd-amd64 compressed oops)
# Problematic frame:
# C  [libobjc.A.dylib+0x701d]  objc_msgSend+0x1d
#
# Failed to write core dump. Core dumps have been disabled. To enable core dumping, try "ulimit -c unlimited" before starting Java again
#
# If you would like to submit a bug report, please visit:
#   http://bugreport.java.com/bugreport/crash.jsp
# The crash happened outside the Java Virtual Machine in native code.
# See problematic frame for where to report the bug.
#

---------------  T H R E A D  ---------------

Current thread (0x00007fc57c94c000):  JavaThread "AppKit Thread" daemon [_thread_in_native, id=775, stack(0x00007fff52706000,0x00007fff52f06000)]

siginfo: si_signo: 11 (SIGSEGV), si_code: 1 (SEGV_MAPERR), si_addr: 0x000007fc580579f0

Registers:
RAX=0x00000000622a0b01, RBX=0x00007fc57b5b7800, RCX=0x0129840001298400, RDX=0x000000016229a7d8
RSP=0x00007fff52f00018, RBP=0x00007fff52f00030, RSI=0x00007fff9f030ff6, RDI=0x00007fc580561fb0
R8 =0x000000016229a7d0, R9 =0x000000000020d400, R10=0x000007fc580579d8, R11=0x00007fff9f030ff6
R12=0x00000001622a0b58, R13=0x00007fff52f00248, R14=0x00007fffb5bcc000, R15=0x00007fc57b5b0fd0
RIP=0x00007fffb5bcc01d, EFLAGS=0x0000000000010206, ERR=0x0000000000000004
  TRAPNO=0x000000000000000e

Top of Stack: (sp=0x00007fff52f00018)
0x00007fff52f00018:   000000015b5d8e54 00007fc58320c440
0x00007fff52f00028:   000000015b5a83b0 00007fff52f00060
0x00007fff52f00038:   000000015b5a8590 00007fff52f00060
0x00007fff52f00048:   00007fc57b696a48 00007fff52f00070
0x00007fff52f00058:   0000000160579928 00007fff52f00120
0x00007fff52f00068:   000000015c838a59 00000000108eee03
0x00007fff52f00078:   00007fc57b5710e0 0000000000000000
0x00007fff52f00088:   00007fff52f01b50 0000000000000000
0x00007fff52f00098:   0000000000000000 00007fff52f01110
0x00007fff52f000a8:   000000015b5a8423 0000000000000024
0x00007fff52f000b8:   00000028108eee03 0000000000000000
0x00007fff52f000c8:   0000157f00000000 0000000100000000
0x00007fff52f000d8:   0000000000000000 0000000800000000
0x00007fff52f000e8:   00007fc500000000 201fcb6819f40041
0x00007fff52f000f8:   00000001604ad3bb 00007fc57b5b0fa8
0x00007fff52f00108:   00007fc57b5b0ea0 00007fff52f00248
0x00007fff52f00118:   00000001622ca1cc 00007fff52f001d0
0x00007fff52f00128:   000000015c85bf58 00007fff52f00140
0x00007fff52f00138:   0000000000000000 00007fc57dff9e20
0x00007fff52f00148:   0000000000000000 2492492492492493
0x00007fff52f00158:   00000001604ad3bb 00007fff52f001a0
0x00007fff52f00168:   00007fffb650147a 00007fff52f001f0
0x00007fff52f00178:   000000015c85d105 00007fc57dff9e20
0x00007fff52f00188:   00007fc58032c930 201fcb6819f40041
0x00007fff52f00198:   00007fc58032c930 201fcb6819f40041
0x00007fff52f001a8:   00007fc57b5b0ea0 00007fff52f00200
0x00007fff52f001b8:   00007fff52f00248 00007fff52f00248
0x00007fff52f001c8:   2492492492492493 00007fff52f001f0
0x00007fff52f001d8:   000000015c85c25c 00007fc57b5b0ea0
0x00007fff52f001e8:   00007fff52f00290 00007fff52f00320
0x00007fff52f001f8:   000000015c85c603 00007fc57dff9e20
0x00007fff52f00208:   00007fff108eedde 00000040ae5142b0 

Instructions: (pc=0x00007fffb5bcc01d)
0x00007fffb5bcbffd:   0f 1f 00 48 85 ff 2e 74 62 40 f6 c7 01 2e 75 66
0x00007fffb5bcc00d:   49 ba f8 ff ff ff ff 7f 00 00 4c 23 17 49 89 f3
0x00007fffb5bcc01d:   45 23 5a 18 49 c1 e3 04 4d 03 5a 10 49 3b 33 75
0x00007fffb5bcc02d:   04 41 ff 63 08 49 83 3b 01 76 0d 49 83 c3 10 49 

Register to memory mapping:

RAX=0x00000000622a0b01 is an unknown value
RBX=0x00007fc57b5b7800 is an unknown value
RCX=0x0129840001298400 is an unknown value
RDX=0x000000016229a7d8: _ZN7content12_GLOBAL__N_19g_globalsE+0x28 in /var/folders/xs/s2gvrlr90638c0s7klm_d3mw0000gn/T/jxbrowser-chromium-55.0.2883.87.6.14/jxbrowser-chromium.app/Contents/Frameworks/JxBrowser.framework/Libraries/libjxbrowser-chromium.dylib at 0x000000015b530000
RSP=0x00007fff52f00018 is pointing into the stack for thread: 0x00007fc57c94c000
RBP=0x00007fff52f00030 is pointing into the stack for thread: 0x00007fc57c94c000
RSI=0x00007fff9f030ff6: __NSStyleNameIndexTable+0x7abae in /System/Library/Frameworks/AppKit.framework/Versions/C/AppKit at 0x00007fff9e3c9000
RDI=0x00007fc580561fb0 is an unknown value
R8 =0x000000016229a7d0: _ZN7content12_GLOBAL__N_19g_globalsE+0x20 in /var/folders/xs/s2gvrlr90638c0s7klm_d3mw0000gn/T/jxbrowser-chromium-55.0.2883.87.6.14/jxbrowser-chromium.app/Contents/Frameworks/JxBrowser.framework/Libraries/libjxbrowser-chromium.dylib at 0x000000015b530000
R9 =0x000000000020d400 is an unknown value
R10=0x000007fc580579d8 is an unknown value
R11=0x00007fff9f030ff6: __NSStyleNameIndexTable+0x7abae in /System/Library/Frameworks/AppKit.framework/Versions/C/AppKit at 0x00007fff9e3c9000
R12=0x00000001622a0b58: _ZN4base11trace_event12_GLOBAL__N_124g_category_group_enabledE+0x8 in /var/folders/xs/s2gvrlr90638c0s7klm_d3mw0000gn/T/jxbrowser-chromium-55.0.2883.87.6.14/jxbrowser-chromium.app/Contents/Frameworks/JxBrowser.framework/Libraries/libjxbrowser-chromium.dylib at 0x000000015b530000
R13=0x00007fff52f00248 is pointing into the stack for thread: 0x00007fc57c94c000
R14=0x00007fffb5bcc000: objc_msgSend+0 in /usr/lib/libobjc.A.dylib at 0x00007fffb5bc5000
R15=0x00007fc57b5b0fd0 is an unknown value


Stack: [0x00007fff52706000,0x00007fff52f06000],  sp=0x00007fff52f00018,  free space=8168k
Native frames: (J=compiled Java code, j=interpreted, Vv=VM code, C=native code)
C  [libobjc.A.dylib+0x701d]  objc_msgSend+0x1d
C  [libjxbrowser-chromium.dylib+0x78590]  void base::internal::FunctorTraits<void (*)(scoped_refptr<jxb::ipc::CommandContext>, bool), void>::Invoke<scoped_refptr<jxb::ipc::CommandContext> const&, bool const&>(void (*)(scoped_refptr<jxb::ipc::CommandContext>, bool), scoped_refptr<jxb::ipc::CommandContext> const&&&, bool const&&&)+0x30
C  [libjxbrowser-chromium.dylib+0x1308a59]  base::debug::TaskAnnotator::RunTask(char const*, base::PendingTask const&)+0xc9
C  [libjxbrowser-chromium.dylib+0x132bf58]  base::MessageLoop::RunTask(base::PendingTask const&)+0x1d8
C  [libjxbrowser-chromium.dylib+0x132c25c]  base::MessageLoop::DeferOrRunPendingTask(base::PendingTask)+0x2c
C  [libjxbrowser-chromium.dylib+0x132c603]  base::MessageLoop::DoWork()+0x173
C  [libjxbrowser-chromium.dylib+0x132e74d]  base::MessagePumpCFRunLoopBase::RunWork()+0x2d
C  [libjxbrowser-chromium.dylib+0x1321cda]  base::mac::CallWithEHFrame(void () block_pointer)+0xa
C  [libjxbrowser-chromium.dylib+0x132e164]  base::MessagePumpCFRunLoopBase::RunWorkSource(void*)+0x44
C  [CoreFoundation+0xa43b1]  __CFRUNLOOP_IS_CALLING_OUT_TO_A_SOURCE0_PERFORM_FUNCTION__+0x11
C  [CoreFoundation+0x8563c]  __CFRunLoopDoSources0+0x22c
C  [CoreFoundation+0x84b26]  __CFRunLoopRun+0x3a6
C  [CoreFoundation+0x84524]  CFRunLoopRunSpecific+0x1a4
C  [HIToolbox+0x30ebc]  RunCurrentEventLoopInMode+0xf0
C  [HIToolbox+0x30cf1]  ReceiveNextEventCommon+0x1b0
C  [HIToolbox+0x30b26]  _BlockUntilNextEventMatchingListInModeWithFilter+0x47
C  [AppKit+0x46e24]  _DPSNextEvent+0x460
C  [AppKit+0x7c285e]  -[NSApplication(NSEvent) _nextEventMatchingEventMask:untilDate:inMode:dequeue:]+0xaec
C  [libosxapp.dylib+0x23aa]  -[NSApplicationAWT nextEventMatchingMask:untilDate:inMode:dequeue:]+0x7c
C  [libjxbrowser-chromium.dylib+0x132ef50]  base::MessagePumpNSApplication::DoRun(base::MessagePump::Delegate*)+0x100
C  [libjxbrowser-chromium.dylib+0x132e5ac]  base::MessagePumpCFRunLoopBase::Run(base::MessagePump::Delegate*)+0x5c
C  [libjxbrowser-chromium.dylib+0x13469c1]  base::RunLoop::Run()+0x71
C  [libjxbrowser-chromium.dylib+0x14a5d]  jxb::BrowserMessageLoop::RunMessageLoop()+0x1d
C  [libjxbrowser-chromium.dylib+0x319b3]  jxb_main+0x83
C  [libjxbrowser-common64-29e5c62e-9a3c-40dd-83d5-a950ead4ecb1.dylib+0x1f31]  +[StartIPCTask runTask:]+0x221
C  [Foundation+0x7184a]  __NSThreadPerformPerform+0x146
C  [CoreFoundation+0xa43b1]  __CFRUNLOOP_IS_CALLING_OUT_TO_A_SOURCE0_PERFORM_FUNCTION__+0x11
C  [CoreFoundation+0x8563c]  __CFRunLoopDoSources0+0x22c
C  [CoreFoundation+0x84b26]  __CFRunLoopRun+0x3a6
C  [CoreFoundation+0x84524]  CFRunLoopRunSpecific+0x1a4
C  [HIToolbox+0x30ebc]  RunCurrentEventLoopInMode+0xf0
C  [HIToolbox+0x30cf1]  ReceiveNextEventCommon+0x1b0
C  [HIToolbox+0x30b26]  _BlockUntilNextEventMatchingListInModeWithFilter+0x47
C  [AppKit+0x46e24]  _DPSNextEvent+0x460
C  [AppKit+0x7c285e]  -[NSApplication(NSEvent) _nextEventMatchingEventMask:untilDate:inMode:dequeue:]+0xaec
C  [libosxapp.dylib+0x23aa]  -[NSApplicationAWT nextEventMatchingMask:untilDate:inMode:dequeue:]+0x7c
C  [AppKit+0x3b7ab]  -[NSApplication run]+0x39e
C  [libosxapp.dylib+0x214d]  +[NSApplicationAWT runAWTLoopWithApp:]+0x9c
C  [libawt_lwawt.dylib+0x444b3]  -[AWTStarter starter:]+0x389
C  [Foundation+0x7184a]  __NSThreadPerformPerform+0x146
C  [CoreFoundation+0xa43b1]  __CFRUNLOOP_IS_CALLING_OUT_TO_A_SOURCE0_PERFORM_FUNCTION__+0x11
C  [CoreFoundation+0x8563c]  __CFRunLoopDoSources0+0x22c
C  [CoreFoundation+0x84b26]  __CFRunLoopRun+0x3a6
C  [CoreFoundation+0x84524]  CFRunLoopRunSpecific+0x1a4
C  [java+0x6465]  CreateExecutionEnvironment+0x367
C  [java+0x218c]  JLI_Launch+0x7a0
C  [java+0x84c2]  main+0x65
C  [java+0x19e4]  start+0x34
C  0x0000000000000005


---------------  P R O C E S S  ---------------

Java Threads: ( => current thread )
  0x00007fc582140800 JavaThread "IPC Sync Events Thread" [_thread_blocked, id=69439, stack(0x0000700004385000,0x0000700004485000)]
  0x00007fc57d36c800 JavaThread "pool-3-thread-2" [_thread_blocked, id=128259, stack(0x000070000e40f000,0x000070000e50f000)]
  0x00007fc57d1c1800 JavaThread "pool-3-thread-1" [_thread_blocked, id=127827, stack(0x000070000e30c000,0x000070000e40c000)]
  0x00007fc57cadf800 JavaThread "Browser Events Thread" [_thread_blocked, id=126467, stack(0x000070000e106000,0x000070000e206000)]
  0x00007fc57c206800 JavaThread "Memory Writer SocketInfo{cid=0, bid=0, channelType=Render}" [_thread_blocked, id=125443, stack(0x000070000df00000,0x000070000e000000)]
  0x00007fc57c206000 JavaThread "Socket Connection Checker SocketInfo{cid=0, bid=0, channelType=Render}" [_thread_in_native, id=124931, stack(0x000070000ddfd000,0x000070000defd000)]
  0x00007fc57cd17800 JavaThread "IPC Memory Reader Thread" [_thread_in_native, id=118027, stack(0x000070000dd7a000,0x000070000ddfa000)]
  0x00007fc57d36a000 JavaThread "IPC Async Events Thread" [_thread_blocked, id=114955, stack(0x000070000d474000,0x000070000d574000)]
  0x00007fc57bacc000 JavaThread "Memory Writer SocketInfo{cid=0, bid=0, channelType=Browser}" [_thread_blocked, id=103171, stack(0x000070000d2ee000,0x000070000d3ee000)]
  0x00007fc57d1d5000 JavaThread "Socket Connection Checker SocketInfo{cid=0, bid=0, channelType=Browser}" [_thread_in_native, id=102659, stack(0x000070000d1eb000,0x000070000d2eb000)]
  0x00007fc57d199800 JavaThread "IPC Memory Reader Thread" [_thread_in_native, id=101891, stack(0x000070000d0e5000,0x000070000d165000)]
  0x00007fc57cf57000 JavaThread "IPC Async Events Thread" [_thread_blocked, id=98307, stack(0x000070000c6d9000,0x000070000c7d9000)]
  0x00007fc57c27d800 JavaThread "Memory Writer SocketInfo{cid=0, bid=-1, channelType=Main}" [_thread_blocked, id=95235, stack(0x000070000bdd3000,0x000070000bed3000)]
  0x00007fc57c27d000 JavaThread "Socket Connection Checker SocketInfo{cid=0, bid=-1, channelType=Main}" [_thread_in_native, id=94723, stack(0x000070000bcd0000,0x000070000bdd0000)]
  0x00007fc57c278000 JavaThread "IPC Memory Reader Thread" [_thread_in_native, id=93699, stack(0x000070000bbca000,0x000070000bc4a000)]
  0x00007fc57c045000 JavaThread "IPC Process Thread" daemon [_thread_in_native, id=69899, stack(0x0000700004997000,0x0000700004a97000)]
  0x00007fc57cf43800 JavaThread "IPC Server Thread" daemon [_thread_in_native, id=68475, stack(0x0000700004894000,0x0000700004994000)]
  0x00007fc57bfe4800 JavaThread "Timer-0" daemon [_thread_blocked, id=60191, stack(0x0000700004791000,0x0000700004891000)]
  0x00007fc57cd1b800 JavaThread "Abandoned connection cleanup thread" daemon [_thread_blocked, id=37383, stack(0x000070000468e000,0x000070000478e000)]
  0x00007fc57b9ca800 JavaThread "TimerQueue" daemon [_thread_blocked, id=65775, stack(0x0000700004488000,0x0000700004588000)]
  0x00007fc57c804000 JavaThread "DestroyJavaVM" [_thread_blocked, id=6915, stack(0x0000700002ec0000,0x0000700002fc0000)]
  0x00007fc57c1b8000 JavaThread "AWT-EventQueue-0" [_thread_in_native, id=59667, stack(0x0000700004282000,0x0000700004382000)]
  0x00007fc57d115000 JavaThread "Java2D Disposer" daemon [_thread_blocked, id=56847, stack(0x00007000040fc000,0x00007000041fc000)]
  0x00007fc57c1b6800 JavaThread "Java2D Queue Flusher" daemon [_thread_blocked, id=54791, stack(0x0000700003ff9000,0x00007000040f9000)]
  0x00007fc57c950800 JavaThread "AWT-Shutdown" [_thread_blocked, id=29471, stack(0x0000700003df0000,0x0000700003ef0000)]
=>0x00007fc57c94c000 JavaThread "AppKit Thread" daemon [_thread_in_native, id=775, stack(0x00007fff52706000,0x00007fff52f06000)]
  0x00007fc57b824800 JavaThread "Service Thread" daemon [_thread_blocked, id=18435, stack(0x0000700003b67000,0x0000700003c67000)]
  0x00007fc57b81c000 JavaThread "C1 CompilerThread2" daemon [_thread_blocked, id=17923, stack(0x0000700003a64000,0x0000700003b64000)]
  0x00007fc57b81b000 JavaThread "C2 CompilerThread1" daemon [_thread_blocked, id=17411, stack(0x0000700003961000,0x0000700003a61000)]
  0x00007fc57b819800 JavaThread "C2 CompilerThread0" daemon [_thread_blocked, id=16899, stack(0x000070000385e000,0x000070000395e000)]
  0x00007fc57b810800 JavaThread "Signal Dispatcher" daemon [_thread_blocked, id=16387, stack(0x000070000375b000,0x000070000385b000)]
  0x00007fc57b80c000 JavaThread "Finalizer" daemon [_thread_blocked, id=12291, stack(0x00007000035d5000,0x00007000036d5000)]
  0x00007fc57b809800 JavaThread "Reference Handler" daemon [_thread_blocked, id=11779, stack(0x00007000034d2000,0x00007000035d2000)]

Other Threads:
  0x00007fc57c860800 VMThread [stack: 0x00007000033cf000,0x00007000034cf000] [id=11267]
  0x00007fc57b806800 WatcherThread [stack: 0x0000700003c6a000,0x0000700003d6a000] [id=18947]

VM state:not at safepoint (normal execution)

VM Mutex/Monitor currently owned by a thread: None

Heap:
 PSYoungGen      total 46592K, used 31718K [0x0000000795580000, 0x0000000799200000, 0x00000007c0000000)
  eden space 32256K, 93% used [0x0000000795580000,0x00000007972ec230,0x0000000797500000)
  from space 14336K, 11% used [0x0000000798400000,0x000000079858d668,0x0000000799200000)
  to   space 14848K, 0% used [0x0000000797500000,0x0000000797500000,0x0000000798380000)
 ParOldGen       total 55808K, used 14287K [0x0000000740000000, 0x0000000743680000, 0x0000000795580000)
  object space 55808K, 25% used [0x0000000740000000,0x0000000740df3de8,0x0000000743680000)
 Metaspace       used 22226K, capacity 22592K, committed 23040K, reserved 1069056K
  class space    used 2845K, capacity 2960K, committed 3072K, reserved 1048576K

Card table byte_map: [0x000000010e95d000,0x000000010ed5e000] byte_map_base: 0x000000010af5d000

Marking Bits: (ParMarkBitMap*) 0x000000010deedd20
 Begin Bits: [0x000000010f009000, 0x0000000111009000)
 End Bits:   [0x0000000111009000, 0x0000000113009000)

Polling page: 0x000000010cdba000

CodeCache: size=245760Kb used=10673Kb max_used=10805Kb free=235086Kb
 bounds [0x000000011bad3000, 0x000000011c583000, 0x000000012aad3000]
 total_blobs=3758 nmethods=3125 adapters=544
 compilation: enabled

Compilation events (10 events):
Event: 475.280 Thread 0x00007fc57b81b000 3593       4       java.util.concurrent.SynchronousQueue$TransferStack::awaitFulfill (166 bytes)
Event: 475.285 Thread 0x00007fc57b81b000 nmethod 3593 0x000000011bcbf510 code [0x000000011bcbf6a0, 0x000000011bcbfa70]
Event: 476.140 Thread 0x00007fc57b81c000 3594       3       com.apple.laf.AquaBorder::isFocused (84 bytes)
Event: 476.141 Thread 0x00007fc57b81c000 nmethod 3594 0x000000011bf91bd0 code [0x000000011bf91e20, 0x000000011bf92fa8]
Event: 476.141 Thread 0x00007fc57b81c000 3595       3       java.beans.PropertyChangeSupport::firePropertyChange (35 bytes)
Event: 476.142 Thread 0x00007fc57b81c000 nmethod 3595 0x000000011bd37690 code [0x000000011bd37840, 0x000000011bd37ee8]
Event: 476.142 Thread 0x00007fc57b81c000 3596       3       java.beans.PropertyChangeEvent::<init> (22 bytes)
Event: 476.142 Thread 0x00007fc57b81c000 nmethod 3596 0x000000011c0b1fd0 code [0x000000011c0b2160, 0x000000011c0b24e8]
Event: 476.150 Thread 0x00007fc57b81c000 3597       3       sun.awt.NullComponentPeer::setVisible (1 bytes)
Event: 476.150 Thread 0x00007fc57b81c000 nmethod 3597 0x000000011c1662d0 code [0x000000011c166420, 0x000000011c166570]

GC Heap History (10 events):
Event: 164.615 GC heap before
{Heap before GC invocations=3 (full 0):
 PSYoungGen      total 38400K, used 15575K [0x0000000795580000, 0x0000000798000000, 0x00000007c0000000)
  eden space 33280K, 31% used [0x0000000795580000,0x0000000795fba870,0x0000000797600000)
  from space 5120K, 99% used [0x0000000797b00000,0x0000000797ffb660,0x0000000798000000)
  to   space 5120K, 0% used [0x0000000797600000,0x0000000797600000,0x0000000797b00000)
 ParOldGen       total 87552K, used 11222K [0x0000000740000000, 0x0000000745580000, 0x0000000795580000)
  object space 87552K, 12% used [0x0000000740000000,0x0000000740af5840,0x0000000745580000)
 Metaspace       used 20752K, capacity 21026K, committed 21248K, reserved 1067008K
  class space    used 2643K, capacity 2725K, committed 2816K, reserved 1048576K
Event: 164.627 GC heap after
Heap after GC invocations=3 (full 0):
 PSYoungGen      total 38400K, used 5117K [0x0000000795580000, 0x0000000798000000, 0x00000007c0000000)
  eden space 33280K, 0% used [0x0000000795580000,0x0000000795580000,0x0000000797600000)
  from space 5120K, 99% used [0x0000000797600000,0x0000000797aff650,0x0000000797b00000)
  to   space 5120K, 0% used [0x0000000797b00000,0x0000000797b00000,0x0000000798000000)
 ParOldGen       total 87552K, used 12474K [0x0000000740000000, 0x0000000745580000, 0x0000000795580000)
  object space 87552K, 14% used [0x0000000740000000,0x0000000740c2e9c8,0x0000000745580000)
 Metaspace       used 20752K, capacity 21026K, committed 21248K, reserved 1067008K
  class space    used 2643K, capacity 2725K, committed 2816K, reserved 1048576K
}
Event: 164.627 GC heap before
{Heap before GC invocations=4 (full 1):
 PSYoungGen      total 38400K, used 5117K [0x0000000795580000, 0x0000000798000000, 0x00000007c0000000)
  eden space 33280K, 0% used [0x0000000795580000,0x0000000795580000,0x0000000797600000)
  from space 5120K, 99% used [0x0000000797600000,0x0000000797aff650,0x0000000797b00000)
  to   space 5120K, 0% used [0x0000000797b00000,0x0000000797b00000,0x0000000798000000)
 ParOldGen       total 87552K, used 12474K [0x0000000740000000, 0x0000000745580000, 0x0000000795580000)
  object space 87552K, 14% used [0x0000000740000000,0x0000000740c2e9c8,0x0000000745580000)
 Metaspace       used 20752K, capacity 21026K, committed 21248K, reserved 1067008K
  class space    used 2643K, capacity 2725K, committed 2816K, reserved 1048576K
Event: 164.682 GC heap after
Heap after GC invocations=4 (full 1):
 PSYoungGen      total 38400K, used 0K [0x0000000795580000, 0x0000000798000000, 0x00000007c0000000)
  eden space 33280K, 0% used [0x0000000795580000,0x0000000795580000,0x0000000797600000)
  from space 5120K, 0% used [0x0000000797600000,0x0000000797600000,0x0000000797b00000)
  to   space 5120K, 0% used [0x0000000797b00000,0x0000000797b00000,0x0000000798000000)
 ParOldGen       total 55808K, used 14263K [0x0000000740000000, 0x0000000743680000, 0x0000000795580000)
  object space 55808K, 25% used [0x0000000740000000,0x0000000740dedde8,0x0000000743680000)
 Metaspace       used 20752K, capacity 21026K, committed 21248K, reserved 1067008K
  class space    used 2643K, capacity 2725K, committed 2816K, reserved 1048576K
}
Event: 217.202 GC heap before
{Heap before GC invocations=5 (full 1):
 PSYoungGen      total 38400K, used 33280K [0x0000000795580000, 0x0000000798000000, 0x00000007c0000000)
  eden space 33280K, 100% used [0x0000000795580000,0x0000000797600000,0x0000000797600000)
  from space 5120K, 0% used [0x0000000797600000,0x0000000797600000,0x0000000797b00000)
  to   space 5120K, 0% used [0x0000000797b00000,0x0000000797b00000,0x0000000798000000)
 ParOldGen       total 55808K, used 14263K [0x0000000740000000, 0x0000000743680000, 0x0000000795580000)
  object space 55808K, 25% used [0x0000000740000000,0x0000000740dedde8,0x0000000743680000)
 Metaspace       used 21934K, capacity 22236K, committed 22656K, reserved 1069056K
  class space    used 2822K, capacity 2890K, committed 2944K, reserved 1048576K
Event: 217.205 GC heap after
Heap after GC invocations=5 (full 1):
 PSYoungGen      total 38400K, used 2683K [0x0000000795580000, 0x0000000798000000, 0x00000007c0000000)
  eden space 33280K, 0% used [0x0000000795580000,0x0000000795580000,0x0000000797600000)
  from space 5120K, 52% used [0x0000000797b00000,0x0000000797d9eef8,0x0000000798000000)
  to   space 5120K, 0% used [0x0000000797600000,0x0000000797600000,0x0000000797b00000)
 ParOldGen       total 55808K, used 14271K [0x0000000740000000, 0x0000000743680000, 0x0000000795580000)
  object space 55808K, 25% used [0x0000000740000000,0x0000000740defde8,0x0000000743680000)
 Metaspace       used 21934K, capacity 22236K, committed 22656K, reserved 1069056K
  class space    used 2822K, capacity 2890K, committed 2944K, reserved 1048576K
}
Event: 241.898 GC heap before
{Heap before GC invocations=6 (full 1):
 PSYoungGen      total 38400K, used 35963K [0x0000000795580000, 0x0000000798000000, 0x00000007c0000000)
  eden space 33280K, 100% used [0x0000000795580000,0x0000000797600000,0x0000000797600000)
  from space 5120K, 52% used [0x0000000797b00000,0x0000000797d9eef8,0x0000000798000000)
  to   space 5120K, 0% used [0x0000000797600000,0x0000000797600000,0x0000000797b00000)
 ParOldGen       total 55808K, used 14271K [0x0000000740000000, 0x0000000743680000, 0x0000000795580000)
  object space 55808K, 25% used [0x0000000740000000,0x0000000740defde8,0x0000000743680000)
 Metaspace       used 22144K, capacity 22472K, committed 22656K, reserved 1069056K
  class space    used 2830K, capacity 2924K, committed 2944K, reserved 1048576K
Event: 241.901 GC heap after
Heap after GC invocations=6 (full 1):
 PSYoungGen      total 37888K, used 1461K [0x0000000795580000, 0x0000000799280000, 0x00000007c0000000)
  eden space 32768K, 0% used [0x0000000795580000,0x0000000795580000,0x0000000797580000)
  from space 5120K, 28% used [0x0000000797600000,0x000000079776d668,0x0000000797b00000)
  to   space 14848K, 0% used [0x0000000798400000,0x0000000798400000,0x0000000799280000)
 ParOldGen       total 55808K, used 14279K [0x0000000740000000, 0x0000000743680000, 0x0000000795580000)
  object space 55808K, 25% used [0x0000000740000000,0x0000000740df1de8,0x0000000743680000)
 Metaspace       used 22144K, capacity 22472K, committed 22656K, reserved 1069056K
  class space    used 2830K, capacity 2924K, committed 2944K, reserved 1048576K
}
Event: 255.485 GC heap before
{Heap before GC invocations=7 (full 1):
 PSYoungGen      total 37888K, used 34229K [0x0000000795580000, 0x0000000799280000, 0x00000007c0000000)
  eden space 32768K, 100% used [0x0000000795580000,0x0000000797580000,0x0000000797580000)
  from space 5120K, 28% used [0x0000000797600000,0x000000079776d668,0x0000000797b00000)
  to   space 14848K, 0% used [0x0000000798400000,0x0000000798400000,0x0000000799280000)
 ParOldGen       total 55808K, used 14279K [0x0000000740000000, 0x0000000743680000, 0x0000000795580000)
  object space 55808K, 25% used [0x0000000740000000,0x0000000740df1de8,0x0000000743680000)
 Metaspace       used 22199K, capacity 22592K, committed 23040K, reserved 1069056K
  class space    used 2839K, capacity 2960K, committed 3072K, reserved 1048576K
Event: 255.489 GC heap after
Heap after GC invocations=7 (full 1):
 PSYoungGen      total 46592K, used 1589K [0x0000000795580000, 0x0000000799200000, 0x00000007c0000000)
  eden space 32256K, 0% used [0x0000000795580000,0x0000000795580000,0x0000000797500000)
  from space 14336K, 11% used [0x0000000798400000,0x000000079858d668,0x0000000799200000)
  to   space 14848K, 0% used [0x0000000797500000,0x0000000797500000,0x0000000798380000)
 ParOldGen       total 55808K, used 14287K [0x0000000740000000, 0x0000000743680000, 0x0000000795580000)
  object space 55808K, 25% used [0x0000000740000000,0x0000000740df3de8,0x0000000743680000)
 Metaspace       used 22199K, capacity 22592K, committed 23040K, reserved 1069056K
  class space    used 2839K, capacity 2960K, committed 3072K, reserved 1048576K
}

Deoptimization events (10 events):
Event: 262.467 Thread 0x00007fc57b972800 Uncommon trap: reason=unstable_if action=reinterpret pc=0x000000011c5270b0 method=java.util.concurrent.ThreadPoolExecutor.getTask()Ljava/lang/Runnable; @ 16
Event: 262.471 Thread 0x00007fc57c9dc800 Uncommon trap: reason=unstable_if action=reinterpret pc=0x000000011c51da50 method=java.util.concurrent.locks.AbstractQueuedSynchronizer$ConditionObject.checkInterruptWhileWaiting(Ljava/util/concurrent/locks/AbstractQueuedSynchronizer$Node;)I @ 3
Event: 262.471 Thread 0x00007fc57c9dc800 Uncommon trap: reason=unstable_if action=reinterpret pc=0x000000011c50d0f0 method=java.util.concurrent.locks.AbstractQueuedSynchronizer.acquireQueued(Ljava/util/concurrent/locks/AbstractQueuedSynchronizer$Node;I)Z @ 70
Event: 262.471 Thread 0x00007fc57d2ff800 Uncommon trap: reason=unstable_if action=reinterpret pc=0x000000011c5270b0 method=java.util.concurrent.ThreadPoolExecutor.getTask()Ljava/lang/Runnable; @ 16
Event: 262.471 Thread 0x00007fc57c9dc800 Uncommon trap: reason=unstable_if action=reinterpret pc=0x000000011c5270b0 method=java.util.concurrent.ThreadPoolExecutor.getTask()Ljava/lang/Runnable; @ 16
Event: 262.514 Thread 0x00007fc57bef3000 Uncommon trap: reason=unstable_if action=reinterpret pc=0x000000011bddbd78 method=java.util.concurrent.SynchronousQueue$TransferStack.awaitFulfill(Ljava/util/concurrent/SynchronousQueue$TransferStack$SNode;ZJ)Ljava/util/concurrent/SynchronousQueue$Transfe
Event: 305.940 Thread 0x00007fc57b9a5000 Uncommon trap: reason=unstable_if action=reinterpret pc=0x000000011bddbdac method=java.util.concurrent.SynchronousQueue$TransferStack.awaitFulfill(Ljava/util/concurrent/SynchronousQueue$TransferStack$SNode;ZJ)Ljava/util/concurrent/SynchronousQueue$Transfe
Event: 318.948 Thread 0x00007fc57caca800 Uncommon trap: reason=unstable_if action=reinterpret pc=0x000000011c54cfc4 method=com.teamdev.jxbrowser.chromium.swing.internal.HeavyWeightWidget$a.onMessageReceived(Lcom/teamdev/jxbrowser/chromium/internal/ipc/message/Message;)V @ 49
Event: 322.482 Thread 0x00007fc57d36b000 Uncommon trap: reason=unstable_if action=reinterpret pc=0x000000011bddbdac method=java.util.concurrent.SynchronousQueue$TransferStack.awaitFulfill(Ljava/util/concurrent/SynchronousQueue$TransferStack$SNode;ZJ)Ljava/util/concurrent/SynchronousQueue$Transfe
Event: 461.404 Thread 0x00007fc57c94c000 Uncommon trap: reason=unstable_if action=reinterpret pc=0x000000011c36abf8 method=sun.lwawt.LWWindowPeer.generateMouseEnterExitEventsForComponents(JIIIIIIIZLsun/lwawt/LWComponentPeer;)V @ 13

Internal exceptions (10 events):
Event: 53.625 Thread 0x00007fc57b824000 Exception <a 'java/lang/InterruptedException': sleep interrupted> (0x00000007961f3348) thrown at [/HUDSON3/workspace/8-2-build-macosx-x86_64/jdk8u101/7261/hotspot/src/share/vm/prims/jvm.cpp, line 3167]
Event: 57.170 Thread 0x00007fc57b824000 Exception <a 'java/lang/InterruptedException': sleep interrupted> (0x00000007961fc730) thrown at [/HUDSON3/workspace/8-2-build-macosx-x86_64/jdk8u101/7261/hotspot/src/share/vm/prims/jvm.cpp, line 3167]
Event: 104.983 Thread 0x00007fc57ba02000 Exception <a 'java/lang/InterruptedException': sleep interrupted> (0x000000079630e418) thrown at [/HUDSON3/workspace/8-2-build-macosx-x86_64/jdk8u101/7261/hotspot/src/share/vm/prims/jvm.cpp, line 3167]
Event: 109.881 Thread 0x00007fc57ba02000 Exception <a 'java/lang/InterruptedException': sleep interrupted> (0x000000079631fd40) thrown at [/HUDSON3/workspace/8-2-build-macosx-x86_64/jdk8u101/7261/hotspot/src/share/vm/prims/jvm.cpp, line 3167]
Event: 122.669 Thread 0x00007fc57d058000 Exception <a 'java/lang/InterruptedException': sleep interrupted> (0x0000000796a711b8) thrown at [/HUDSON3/workspace/8-2-build-macosx-x86_64/jdk8u101/7261/hotspot/src/share/vm/prims/jvm.cpp, line 3167]
Event: 130.299 Thread 0x00007fc57d058000 Exception <a 'java/lang/InterruptedException': sleep interrupted> (0x0000000796a82b88) thrown at [/HUDSON3/workspace/8-2-build-macosx-x86_64/jdk8u101/7261/hotspot/src/share/vm/prims/jvm.cpp, line 3167]
Event: 162.323 Thread 0x00007fc57bbc2800 Exception <a 'java/lang/InterruptedException': sleep interrupted> (0x00000007971703d8) thrown at [/HUDSON3/workspace/8-2-build-macosx-x86_64/jdk8u101/7261/hotspot/src/share/vm/prims/jvm.cpp, line 3167]
Event: 164.888 Thread 0x00007fc57bbc2800 Exception <a 'java/lang/InterruptedException': sleep interrupted> (0x0000000795580a70) thrown at [/HUDSON3/workspace/8-2-build-macosx-x86_64/jdk8u101/7261/hotspot/src/share/vm/prims/jvm.cpp, line 3167]
Event: 217.592 Thread 0x00007fc57b972800 Exception <a 'java/lang/InterruptedException': sleep interrupted> (0x00000007957e5dd0) thrown at [/HUDSON3/workspace/8-2-build-macosx-x86_64/jdk8u101/7261/hotspot/src/share/vm/prims/jvm.cpp, line 3167]
Event: 262.467 Thread 0x00007fc57c437000 Implicit null exception at 0x000000011c526bf7 to 0x000000011c527369

Events (10 events):
Event: 476.150 Executing VM operation: RevokeBias
Event: 476.150 Executing VM operation: RevokeBias done
Event: 476.150 Executing VM operation: RevokeBias
Event: 476.150 Executing VM operation: RevokeBias done
Event: 476.150 Executing VM operation: RevokeBias
Event: 476.150 Executing VM operation: RevokeBias done
Event: 476.150 Executing VM operation: RevokeBias
Event: 476.150 Executing VM operation: RevokeBias done
Event: 476.150 Executing VM operation: RevokeBias
Event: 476.150 Executing VM operation: RevokeBias done


Dynamic libraries:
0x000000002b3b9000 	/System/Library/Frameworks/Cocoa.framework/Versions/A/Cocoa
0x000000002b3b9000 	/System/Library/Frameworks/Security.framework/Versions/A/Security
0x000000002b3b9000 	/System/Library/Frameworks/ApplicationServices.framework/Versions/A/ApplicationServices
0x000000002b3b9000 	/usr/lib/libz.1.dylib
0x000000002b3b9000 	/usr/lib/libSystem.B.dylib
0x000000002b3b9000 	/usr/lib/libobjc.A.dylib
0x000000002b3b9000 	/System/Library/Frameworks/CoreFoundation.framework/Versions/A/CoreFoundation
0x000000002b3b9000 	/System/Library/Frameworks/Foundation.framework/Versions/C/Foundation
0x000000002b3b9000 	/System/Library/Frameworks/AppKit.framework/Versions/C/AppKit
0x000000002b3b9000 	/System/Library/Frameworks/CoreData.framework/Versions/A/CoreData
0x000000002b3b9000 	/System/Library/PrivateFrameworks/RemoteViewServices.framework/Versions/A/RemoteViewServices
0x000000002b3b9000 	/System/Library/PrivateFrameworks/UIFoundation.framework/Versions/A/UIFoundation
0x000000002b3b9000 	/System/Library/PrivateFrameworks/DFRFoundation.framework/Versions/A/DFRFoundation
0x000000002b3b9000 	/usr/lib/libenergytrace.dylib
0x000000002b3b9000 	/System/Library/PrivateFrameworks/SkyLight.framework/Versions/A/SkyLight
0x000000002b3b9000 	/System/Library/Frameworks/CoreGraphics.framework/Versions/A/CoreGraphics
0x000000002b3b9000 	/usr/lib/libScreenReader.dylib
0x000000002b3b9000 	/System/Library/Frameworks/Accelerate.framework/Versions/A/Accelerate
0x000000002b3b9000 	/System/Library/Frameworks/IOSurface.framework/Versions/A/IOSurface
0x000000002b3b9000 	/System/Library/Frameworks/AudioToolbox.framework/Versions/A/AudioToolbox
0x000000002b3b9000 	/System/Library/Frameworks/AudioUnit.framework/Versions/A/AudioUnit
0x000000002b3b9000 	/System/Library/PrivateFrameworks/DataDetectorsCore.framework/Versions/A/DataDetectorsCore
0x000000002b3b9000 	/System/Library/PrivateFrameworks/DesktopServicesPriv.framework/Versions/A/DesktopServicesPriv
0x000000002b3b9000 	/System/Library/Frameworks/Carbon.framework/Versions/A/Frameworks/HIToolbox.framework/Versions/A/HIToolbox
0x000000002b3b9000 	/usr/lib/libicucore.A.dylib
0x000000002b3b9000 	/System/Library/Frameworks/QuartzCore.framework/Versions/A/QuartzCore
0x000000002b3b9000 	/System/Library/Frameworks/Carbon.framework/Versions/A/Frameworks/SpeechRecognition.framework/Versions/A/SpeechRecognition
0x000000002b3b9000 	/usr/lib/libauto.dylib
0x000000002b3b9000 	/usr/lib/libxml2.2.dylib
0x000000002b3b9000 	/System/Library/PrivateFrameworks/CoreUI.framework/Versions/A/CoreUI
0x000000002b3b9000 	/System/Library/Frameworks/CoreAudio.framework/Versions/A/CoreAudio
0x000000002b3b9000 	/System/Library/Frameworks/DiskArbitration.framework/Versions/A/DiskArbitration
0x000000002b3b9000 	/usr/lib/liblangid.dylib
0x000000002b3b9000 	/System/Library/PrivateFrameworks/MultitouchSupport.framework/Versions/A/MultitouchSupport
0x000000002b3b9000 	/System/Library/Frameworks/IOKit.framework/Versions/A/IOKit
0x000000002b3b9000 	/usr/lib/libDiagnosticMessagesClient.dylib
0x000000002b3b9000 	/System/Library/Frameworks/CoreServices.framework/Versions/A/CoreServices
0x000000002b3b9000 	/System/Library/PrivateFrameworks/PerformanceAnalysis.framework/Versions/A/PerformanceAnalysis
0x000000002b3b9000 	/System/Library/PrivateFrameworks/GenerationalStorage.framework/Versions/A/GenerationalStorage
0x000000002b3b9000 	/System/Library/Frameworks/OpenGL.framework/Versions/A/OpenGL
0x000000002b3b9000 	/System/Library/Frameworks/CoreImage.framework/Versions/A/CoreImage
0x000000002b3b9000 	/System/Library/Frameworks/CoreText.framework/Versions/A/CoreText
0x000000002b3b9000 	/System/Library/Frameworks/ImageIO.framework/Versions/A/ImageIO
0x000000002b3b9000 	/System/Library/PrivateFrameworks/Backup.framework/Versions/A/Backup
0x000000002b3b9000 	/usr/lib/libarchive.2.dylib
0x000000002b3b9000 	/System/Library/Frameworks/CFNetwork.framework/Versions/A/CFNetwork
0x000000002b3b9000 	/System/Library/Frameworks/SystemConfiguration.framework/Versions/A/SystemConfiguration
0x000000002b3b9000 	/usr/lib/libCRFSuite.dylib
0x000000002b3b9000 	/usr/lib/libc++.1.dylib
0x000000002b3b9000 	/usr/lib/libc++abi.dylib
0x000000002b3b9000 	/usr/lib/system/libcache.dylib
0x000000002b3b9000 	/usr/lib/system/libcommonCrypto.dylib
0x000000002b3b9000 	/usr/lib/system/libcompiler_rt.dylib
0x000000002b3b9000 	/usr/lib/system/libcopyfile.dylib
0x000000002b3b9000 	/usr/lib/system/libcorecrypto.dylib
0x000000002b3b9000 	/usr/lib/system/libdispatch.dylib
0x000000002b3b9000 	/usr/lib/system/libdyld.dylib
0x000000002b3b9000 	/usr/lib/system/libkeymgr.dylib
0x000000002b3b9000 	/usr/lib/system/liblaunch.dylib
0x000000002b3b9000 	/usr/lib/system/libmacho.dylib
0x000000002b3b9000 	/usr/lib/system/libquarantine.dylib
0x000000002b3b9000 	/usr/lib/system/libremovefile.dylib
0x000000002b3b9000 	/usr/lib/system/libsystem_asl.dylib
0x000000002b3b9000 	/usr/lib/system/libsystem_blocks.dylib
0x000000002b3b9000 	/usr/lib/system/libsystem_c.dylib
0x000000002b3b9000 	/usr/lib/system/libsystem_configuration.dylib
0x000000002b3b9000 	/usr/lib/system/libsystem_coreservices.dylib
0x000000002b3b9000 	/usr/lib/system/libsystem_coretls.dylib
0x000000002b3b9000 	/usr/lib/system/libsystem_dnssd.dylib
0x000000002b3b9000 	/usr/lib/system/libsystem_info.dylib
0x000000002b3b9000 	/usr/lib/system/libsystem_kernel.dylib
0x000000002b3b9000 	/usr/lib/system/libsystem_m.dylib
0x000000002b3b9000 	/usr/lib/system/libsystem_malloc.dylib
0x000000002b3b9000 	/usr/lib/system/libsystem_network.dylib
0x000000002b3b9000 	/usr/lib/system/libsystem_networkextension.dylib
0x000000002b3b9000 	/usr/lib/system/libsystem_notify.dylib
0x000000002b3b9000 	/usr/lib/system/libsystem_platform.dylib
0x000000002b3b9000 	/usr/lib/system/libsystem_pthread.dylib
0x000000002b3b9000 	/usr/lib/system/libsystem_sandbox.dylib
0x000000002b3b9000 	/usr/lib/system/libsystem_secinit.dylib
0x000000002b3b9000 	/usr/lib/system/libsystem_symptoms.dylib
0x000000002b3b9000 	/usr/lib/system/libsystem_trace.dylib
0x000000002b3b9000 	/usr/lib/system/libunwind.dylib
0x000000002b3b9000 	/usr/lib/system/libxpc.dylib
0x000000002b3b9000 	/usr/lib/libbsm.0.dylib
0x000000002b3b9000 	/usr/lib/system/libkxld.dylib
0x000000002b3b9000 	/usr/lib/libcoretls.dylib
0x000000002b3b9000 	/usr/lib/libcoretls_cfhelpers.dylib
0x000000002b3b9000 	/usr/lib/libOpenScriptingUtil.dylib
0x000000002b3b9000 	/usr/lib/libpam.2.dylib
0x000000002b3b9000 	/usr/lib/libsqlite3.dylib
0x000000002b3b9000 	/usr/lib/libxar.1.dylib
0x000000002b3b9000 	/usr/lib/libbz2.1.0.dylib
0x000000002b3b9000 	/usr/lib/liblzma.5.dylib
0x000000002b3b9000 	/usr/lib/libnetwork.dylib
0x000000002b3b9000 	/usr/lib/libpcap.A.dylib
0x000000002b3b9000 	/System/Library/Frameworks/CoreServices.framework/Versions/A/Frameworks/FSEvents.framework/Versions/A/FSEvents
0x000000002b3b9000 	/System/Library/Frameworks/CoreServices.framework/Versions/A/Frameworks/CarbonCore.framework/Versions/A/CarbonCore
0x000000002b3b9000 	/System/Library/Frameworks/CoreServices.framework/Versions/A/Frameworks/Metadata.framework/Versions/A/Metadata
0x000000002b3b9000 	/System/Library/Frameworks/CoreServices.framework/Versions/A/Frameworks/OSServices.framework/Versions/A/OSServices
0x000000002b3b9000 	/System/Library/Frameworks/CoreServices.framework/Versions/A/Frameworks/SearchKit.framework/Versions/A/SearchKit
0x000000002b3b9000 	/System/Library/Frameworks/CoreServices.framework/Versions/A/Frameworks/AE.framework/Versions/A/AE
0x000000002b3b9000 	/System/Library/Frameworks/CoreServices.framework/Versions/A/Frameworks/LaunchServices.framework/Versions/A/LaunchServices
0x000000002b3b9000 	/System/Library/Frameworks/CoreServices.framework/Versions/A/Frameworks/DictionaryServices.framework/Versions/A/DictionaryServices
0x000000002b3b9000 	/System/Library/Frameworks/CoreServices.framework/Versions/A/Frameworks/SharedFileList.framework/Versions/A/SharedFileList
0x000000002b3b9000 	/System/Library/Frameworks/NetFS.framework/Versions/A/NetFS
0x000000002b3b9000 	/System/Library/PrivateFrameworks/NetAuth.framework/Versions/A/NetAuth
0x000000002b3b9000 	/System/Library/PrivateFrameworks/login.framework/Versions/A/Frameworks/loginsupport.framework/Versions/A/loginsupport
0x000000002b3b9000 	/System/Library/PrivateFrameworks/TCC.framework/Versions/A/TCC
0x000000002b3b9000 	/usr/lib/libmecabra.dylib
0x000000002b3b9000 	/System/Library/Frameworks/ApplicationServices.framework/Versions/A/Frameworks/ATS.framework/Versions/A/ATS
0x000000002b3b9000 	/System/Library/Frameworks/ApplicationServices.framework/Versions/A/Frameworks/ColorSync.framework/Versions/A/ColorSync
0x000000002b3b9000 	/System/Library/Frameworks/ApplicationServices.framework/Versions/A/Frameworks/HIServices.framework/Versions/A/HIServices
0x000000002b3b9000 	/System/Library/Frameworks/ApplicationServices.framework/Versions/A/Frameworks/LangAnalysis.framework/Versions/A/LangAnalysis
0x000000002b3b9000 	/System/Library/Frameworks/ApplicationServices.framework/Versions/A/Frameworks/PrintCore.framework/Versions/A/PrintCore
0x000000002b3b9000 	/System/Library/Frameworks/ApplicationServices.framework/Versions/A/Frameworks/QD.framework/Versions/A/QD
0x000000002b3b9000 	/System/Library/Frameworks/ApplicationServices.framework/Versions/A/Frameworks/SpeechSynthesis.framework/Versions/A/SpeechSynthesis
0x000000002b3b9000 	/System/Library/Frameworks/Accelerate.framework/Versions/A/Frameworks/vImage.framework/Versions/A/vImage
0x000000002b3b9000 	/System/Library/Frameworks/Accelerate.framework/Versions/A/Frameworks/vecLib.framework/Versions/A/vecLib
0x000000002b3b9000 	/System/Library/Frameworks/Accelerate.framework/Versions/A/Frameworks/vecLib.framework/Versions/A/libvDSP.dylib
0x000000002b3b9000 	/System/Library/Frameworks/Accelerate.framework/Versions/A/Frameworks/vecLib.framework/Versions/A/libBNNS.dylib
0x000000002b3b9000 	/System/Library/Frameworks/Accelerate.framework/Versions/A/Frameworks/vecLib.framework/Versions/A/libQuadrature.dylib
0x000000002b3b9000 	/System/Library/Frameworks/Accelerate.framework/Versions/A/Frameworks/vecLib.framework/Versions/A/libvMisc.dylib
0x000000002b3b9000 	/System/Library/Frameworks/Accelerate.framework/Versions/A/Frameworks/vecLib.framework/Versions/A/libLAPACK.dylib
0x000000002b3b9000 	/System/Library/Frameworks/Accelerate.framework/Versions/A/Frameworks/vecLib.framework/Versions/A/libBLAS.dylib
0x000000002b3b9000 	/System/Library/Frameworks/Accelerate.framework/Versions/A/Frameworks/vecLib.framework/Versions/A/libLinearAlgebra.dylib
0x000000002b3b9000 	/System/Library/Frameworks/Accelerate.framework/Versions/A/Frameworks/vecLib.framework/Versions/A/libSparseBLAS.dylib
0x000000002b3b9000 	/System/Library/Frameworks/ApplicationServices.framework/Versions/A/Frameworks/ATS.framework/Versions/A/Resources/libFontParser.dylib
0x000000002b3b9000 	/System/Library/Frameworks/ApplicationServices.framework/Versions/A/Frameworks/ATS.framework/Versions/A/Resources/libFontRegistry.dylib
0x000000002b3b9000 	/System/Library/Frameworks/ImageIO.framework/Versions/A/Resources/libJPEG.dylib
0x000000002b3b9000 	/System/Library/Frameworks/ImageIO.framework/Versions/A/Resources/libTIFF.dylib
0x000000002b3b9000 	/System/Library/Frameworks/ImageIO.framework/Versions/A/Resources/libPng.dylib
0x000000002b3b9000 	/System/Library/Frameworks/ImageIO.framework/Versions/A/Resources/libGIF.dylib
0x000000002b3b9000 	/System/Library/Frameworks/ImageIO.framework/Versions/A/Resources/libJP2.dylib
0x000000002b3b9000 	/System/Library/Frameworks/ImageIO.framework/Versions/A/Resources/libRadiance.dylib
0x000000002b3b9000 	/usr/lib/libcompression.dylib
0x000000002b3b9000 	/System/Library/PrivateFrameworks/AppleJPEG.framework/Versions/A/AppleJPEG
0x000000002b3b9000 	/usr/lib/libcups.2.dylib
0x000000002b3b9000 	/System/Library/Frameworks/Kerberos.framework/Versions/A/Kerberos
0x000000002b3b9000 	/System/Library/Frameworks/GSS.framework/Versions/A/GSS
0x000000002b3b9000 	/usr/lib/libresolv.9.dylib
0x000000002b3b9000 	/usr/lib/libiconv.2.dylib
0x000000002b3b9000 	/System/Library/PrivateFrameworks/Heimdal.framework/Versions/A/Heimdal
0x000000002b3b9000 	/usr/lib/libheimdal-asn1.dylib
0x000000002b3b9000 	/System/Library/Frameworks/OpenDirectory.framework/Versions/A/OpenDirectory
0x000000002b3b9000 	/System/Library/PrivateFrameworks/CommonAuth.framework/Versions/A/CommonAuth
0x000000002b3b9000 	/System/Library/Frameworks/OpenDirectory.framework/Versions/A/Frameworks/CFOpenDirectory.framework/Versions/A/CFOpenDirectory
0x000000002b3b9000 	/System/Library/Frameworks/SecurityFoundation.framework/Versions/A/SecurityFoundation
0x000000002b3b9000 	/System/Library/PrivateFrameworks/LanguageModeling.framework/Versions/A/LanguageModeling
0x000000002b3b9000 	/usr/lib/libmarisa.dylib
0x000000002b3b9000 	/usr/lib/libChineseTokenizer.dylib
0x000000002b3b9000 	/usr/lib/libcmph.dylib
0x000000002b3b9000 	/System/Library/PrivateFrameworks/CoreEmoji.framework/Versions/A/CoreEmoji
0x000000002b3b9000 	/System/Library/Frameworks/ServiceManagement.framework/Versions/A/ServiceManagement
0x000000002b3b9000 	/usr/lib/libxslt.1.dylib
0x000000002b3b9000 	/System/Library/Frameworks/Carbon.framework/Versions/A/Frameworks/Ink.framework/Versions/A/Ink
0x000000002b3b9000 	/System/Library/PrivateFrameworks/TextureIO.framework/Versions/A/TextureIO
0x000000002b3b9000 	/System/Library/Frameworks/Metal.framework/Versions/A/Metal
0x000000002b3b9000 	/usr/lib/libate.dylib
0x000000002b3b9000 	/System/Library/PrivateFrameworks/GPUCompiler.framework/libmetal_timestamp.dylib
0x000000002b3b9000 	/System/Library/Frameworks/OpenGL.framework/Versions/A/Libraries/libCoreFSCache.dylib
0x000000002b3b9000 	/System/Library/PrivateFrameworks/IOAccelerator.framework/Versions/A/IOAccelerator
0x000000002b3b9000 	/System/Library/Frameworks/CoreVideo.framework/Versions/A/CoreVideo
0x000000002b3b9000 	/usr/lib/libFosl_dynamic.dylib
0x000000002b3b9000 	/System/Library/PrivateFrameworks/MetalPerformanceShaders.framework/Versions/A/MetalPerformanceShaders
0x000000002b3b9000 	/System/Library/PrivateFrameworks/FaceCore.framework/Versions/A/FaceCore
0x000000002b3b9000 	/System/Library/Frameworks/OpenCL.framework/Versions/A/OpenCL
0x000000002b3b9000 	/System/Library/Frameworks/OpenGL.framework/Versions/A/Libraries/libGLU.dylib
0x000000002b3b9000 	/System/Library/Frameworks/OpenGL.framework/Versions/A/Libraries/libGFXShared.dylib
0x000000002b3b9000 	/System/Library/Frameworks/OpenGL.framework/Versions/A/Libraries/libGL.dylib
0x000000002b3b9000 	/System/Library/Frameworks/OpenGL.framework/Versions/A/Libraries/libGLImage.dylib
0x000000002b3b9000 	/System/Library/Frameworks/OpenGL.framework/Versions/A/Libraries/libCVMSPluginSupport.dylib
0x000000002b3b9000 	/System/Library/Frameworks/OpenGL.framework/Versions/A/Libraries/libCoreVMClient.dylib
0x000000002b3b9000 	/System/Library/PrivateFrameworks/CrashReporterSupport.framework/Versions/A/CrashReporterSupport
0x000000002b3b9000 	/System/Library/PrivateFrameworks/Sharing.framework/Versions/A/Sharing
0x000000002b3b9000 	/System/Library/PrivateFrameworks/IconServices.framework/Versions/A/IconServices
0x000000002b3b9000 	/System/Library/PrivateFrameworks/ProtocolBuffer.framework/Versions/A/ProtocolBuffer
0x000000002b3b9000 	/System/Library/PrivateFrameworks/Apple80211.framework/Versions/A/Apple80211
0x000000002b3b9000 	/System/Library/Frameworks/CoreWLAN.framework/Versions/A/CoreWLAN
0x000000002b3b9000 	/System/Library/PrivateFrameworks/CoreUtils.framework/Versions/A/CoreUtils
0x000000002b3b9000 	/System/Library/Frameworks/IOBluetooth.framework/Versions/A/IOBluetooth
0x000000002b3b9000 	/System/Library/PrivateFrameworks/CoreWiFi.framework/Versions/A/CoreWiFi
0x000000002b3b9000 	/System/Library/Frameworks/CoreBluetooth.framework/Versions/A/CoreBluetooth
0x000000002b3b9000 	/System/Library/Frameworks/CoreDisplay.framework/Versions/A/CoreDisplay
0x000000002b3b9000 	/System/Library/PrivateFrameworks/IOPresentment.framework/Versions/A/IOPresentment
0x000000002b3b9000 	/System/Library/PrivateFrameworks/DSExternalDisplay.framework/Versions/A/DSExternalDisplay
0x000000002b3b9000 	/System/Library/PrivateFrameworks/DebugSymbols.framework/Versions/A/DebugSymbols
0x000000002b3b9000 	/System/Library/PrivateFrameworks/CoreSymbolication.framework/Versions/A/CoreSymbolication
0x000000002b3b9000 	/System/Library/PrivateFrameworks/Symbolication.framework/Versions/A/Symbolication
0x000000002b3b9000 	/System/Library/PrivateFrameworks/AppleFSCompression.framework/Versions/A/AppleFSCompression
0x000000002b3b9000 	/System/Library/PrivateFrameworks/SpeechRecognitionCore.framework/Versions/A/SpeechRecognitionCore
0x000000002b3b9000 	/System/Library/PrivateFrameworks/ChunkingLibrary.framework/Versions/A/ChunkingLibrary
0x000000010d600000 	/Library/Java/JavaVirtualMachines/jdk1.8.0_101.jdk/Contents/Home/jre/lib/server/libjvm.dylib
0x000000002b3b9000 	/usr/lib/libstdc++.6.dylib
0x000000010cd77000 	/Library/Java/JavaVirtualMachines/jdk1.8.0_101.jdk/Contents/Home/jre/lib/libverify.dylib
0x000000010cd85000 	/Library/Java/JavaVirtualMachines/jdk1.8.0_101.jdk/Contents/Home/jre/lib/libjava.dylib
0x000000010cdc4000 	/Library/Java/JavaVirtualMachines/jdk1.8.0_101.jdk/Contents/Home/jre/lib/libzip.dylib
0x0000000114ed8000 	/System/Library/Frameworks/JavaVM.framework/Frameworks/JavaRuntimeSupport.framework/JavaRuntimeSupport
0x0000000114ef2000 	/System/Library/Frameworks/JavaVM.framework/Versions/A/Frameworks/JavaNativeFoundation.framework/Versions/A/JavaNativeFoundation
0x0000000114f07000 	/System/Library/Frameworks/JavaVM.framework/Versions/A/JavaVM
0x000000002b3b9000 	/System/Library/Frameworks/Carbon.framework/Versions/A/Carbon
0x0000000114f14000 	/System/Library/PrivateFrameworks/JavaLaunching.framework/Versions/A/JavaLaunching
0x000000002b3b9000 	/System/Library/Frameworks/Carbon.framework/Versions/A/Frameworks/CommonPanels.framework/Versions/A/CommonPanels
0x000000002b3b9000 	/System/Library/Frameworks/Carbon.framework/Versions/A/Frameworks/Help.framework/Versions/A/Help
0x000000002b3b9000 	/System/Library/Frameworks/Carbon.framework/Versions/A/Frameworks/ImageCapture.framework/Versions/A/ImageCapture
0x000000002b3b9000 	/System/Library/Frameworks/Carbon.framework/Versions/A/Frameworks/OpenScripting.framework/Versions/A/OpenScripting
0x000000002b3b9000 	/System/Library/Frameworks/Carbon.framework/Versions/A/Frameworks/Print.framework/Versions/A/Print
0x000000002b3b9000 	/System/Library/Frameworks/Carbon.framework/Versions/A/Frameworks/SecurityHI.framework/Versions/A/SecurityHI
0x0000000116857000 	/Library/Java/JavaVirtualMachines/jdk1.8.0_101.jdk/Contents/Home/jre/lib/libawt.dylib
0x00000001168ff000 	/Library/Java/JavaVirtualMachines/jdk1.8.0_101.jdk/Contents/Home/jre/lib/./libmlib_image.dylib
0x00000001169cb000 	/Library/Java/JavaVirtualMachines/jdk1.8.0_101.jdk/Contents/Home/jre/lib/libawt_lwawt.dylib
0x0000000116a80000 	/Library/Java/JavaVirtualMachines/jdk1.8.0_101.jdk/Contents/Home/jre/lib/./libosxapp.dylib
0x000000002b3b9000 	/System/Library/Frameworks/ExceptionHandling.framework/Versions/A/ExceptionHandling
0x000000002b3b9000 	/System/Library/PrivateFrameworks/CoreServicesInternal.framework/Versions/A/CoreServicesInternal
0x000000002b3b9000 	/System/Library/CoreServices/RawCamera.bundle/Contents/MacOS/RawCamera
0x000000002b3b9000 	/System/Library/Frameworks/Accelerate.framework/Versions/A/Frameworks/vImage.framework/Versions/A/Libraries/libCGInterfaces.dylib
0x000000002b3b9000 	/System/Library/Frameworks/ApplicationServices.framework/Versions/A/Frameworks/ATS.framework/Versions/A/Resources/libTrueTypeScaler.dylib
0x000000002b3b9000 	/System/Library/Frameworks/OpenGL.framework/Versions/A/Resources/GLEngine.bundle/GLEngine
0x000000002b3b9000 	/System/Library/Frameworks/OpenGL.framework/Versions/A/Libraries/libGLProgrammability.dylib
0x00000001186c3000 	/System/Library/Extensions/AppleIntelHD4000GraphicsGLDriver.bundle/Contents/MacOS/AppleIntelHD4000GraphicsGLDriver
0x000000002b3b9000 	/System/Library/PrivateFrameworks/GPUSupport.framework/Versions/A/Libraries/libGPUSupportMercury.dylib
0x000000002b3b9000 	/System/Library/Frameworks/OpenGL.framework/Versions/A/Resources/GLRendererFloat.bundle/GLRendererFloat
0x000000002b3b9000 	/System/Library/Frameworks/OpenCL.framework/Versions/A/Libraries/libcldcpuengine.dylib
0x000000002b3b9000 	/usr/lib/libcrypto.0.9.8.dylib
0x000000002b3b9000 	/System/Library/PrivateFrameworks/TrustEvaluationAgent.framework/Versions/A/TrustEvaluationAgent
0x0000000118cd1000 	/System/Library/Extensions/AppleIntelHD4000GraphicsMTLDriver.bundle/Contents/MacOS/AppleIntelHD4000GraphicsMTLDriver
0x000000002b3b9000 	/System/Library/PrivateFrameworks/FamilyControls.framework/Versions/A/FamilyControls
0x000000002b3b9000 	/System/Library/PrivateFrameworks/CommerceKit.framework/Versions/A/Frameworks/CommerceCore.framework/Versions/A/CommerceCore
0x000000002b3b9000 	/System/Library/PrivateFrameworks/SystemAdministration.framework/Versions/A/SystemAdministration
0x000000002b3b9000 	/System/Library/PrivateFrameworks/AppContainer.framework/Versions/A/AppContainer
0x000000002b3b9000 	/System/Library/PrivateFrameworks/SecCodeWrapper.framework/Versions/A/SecCodeWrapper
0x000000002b3b9000 	/System/Library/Frameworks/DirectoryService.framework/Versions/A/DirectoryService
0x000000002b3b9000 	/System/Library/PrivateFrameworks/DiskImages.framework/Versions/A/DiskImages
0x000000002b3b9000 	/System/Library/PrivateFrameworks/LoginUIKit.framework/Versions/A/Frameworks/LoginUICore.framework/Versions/A/LoginUICore
0x000000002b3b9000 	/usr/lib/libCoreStorage.dylib
0x000000002b3b9000 	/usr/lib/libcsfde.dylib
0x000000002b3b9000 	/usr/lib/libodfde.dylib
0x000000002b3b9000 	/System/Library/Frameworks/DiscRecording.framework/Versions/A/DiscRecording
0x000000002b3b9000 	/usr/lib/libcurl.4.dylib
0x000000002b3b9000 	/System/Library/PrivateFrameworks/MediaKit.framework/Versions/A/MediaKit
0x000000002b3b9000 	/System/Library/PrivateFrameworks/ProtectedCloudStorage.framework/Versions/A/ProtectedCloudStorage
0x000000002b3b9000 	/System/Library/PrivateFrameworks/EFILogin.framework/Versions/A/EFILogin
0x000000002b3b9000 	/usr/lib/libutil.dylib
0x000000002b3b9000 	/System/Library/Frameworks/LDAP.framework/Versions/A/LDAP
0x000000002b3b9000 	/usr/lib/libsasl2.2.dylib
0x000000002b3b9000 	/System/Library/PrivateFrameworks/CoreDaemon.framework/Versions/B/CoreDaemon
0x000000002b3b9000 	/System/Library/PrivateFrameworks/AppleSRP.framework/Versions/A/AppleSRP
0x000000002b3b9000 	/System/Library/PrivateFrameworks/APFS.framework/Versions/A/APFS
0x000000011a8a3000 	/Library/Java/JavaVirtualMachines/jdk1.8.0_101.jdk/Contents/Home/jre/lib/libfontmanager.dylib
0x0000000118e97000 	/Library/Java/JavaVirtualMachines/jdk1.8.0_101.jdk/Contents/Home/jre/lib/libosxui.dylib
0x000000002b3b9000 	/System/Library/PrivateFrameworks/ViewBridge.framework/Versions/A/ViewBridge
0x000000002b3b9000 	/System/Library/PrivateFrameworks/XPCService.framework/Versions/A/XPCService
0x000000002b3b9000 	/System/Library/PrivateFrameworks/AppSandbox.framework/Versions/A/AppSandbox
0x000000002b3b9000 	/usr/lib/libsandbox.1.dylib
0x000000002b3b9000 	/usr/lib/libMatch.1.dylib
0x000000012be51000 	/Library/Java/JavaVirtualMachines/jdk1.8.0_101.jdk/Contents/Home/jre/lib/libnet.dylib
0x000000011ba15000 	/Library/Java/JavaVirtualMachines/jdk1.8.0_101.jdk/Contents/Home/jre/lib/libnio.dylib
0x0000000158a87000 	/Library/Java/JavaVirtualMachines/jdk1.8.0_101.jdk/Contents/Home/jre/lib/libdcpr.dylib
0x000000002b3b9000 	/System/Library/Frameworks/ApplicationServices.framework/Versions/A/Frameworks/ATS.framework/Versions/A/Resources/libType1Scaler.dylib
0x000000011849c000 	/Library/Java/JavaVirtualMachines/jdk1.8.0_101.jdk/Contents/Home/jre/lib/libosx.dylib
0x00000001184e4000 	/private/var/folders/xs/s2gvrlr90638c0s7klm_d3mw0000gn/T/jxbrowser-chromium-55.0.2883.87.6.14/data/Temp/libjxbrowser-common64-29e5c62e-9a3c-40dd-83d5-a950ead4ecb1.dylib
0x000000015b530000 	/var/folders/xs/s2gvrlr90638c0s7klm_d3mw0000gn/T/jxbrowser-chromium-55.0.2883.87.6.14/jxbrowser-chromium.app/Contents/Frameworks/JxBrowser.framework/Libraries/libjxbrowser-chromium.dylib
0x000000002b3b9000 	/System/Library/Frameworks/Quartz.framework/Versions/A/Quartz
0x000000002b3b9000 	/System/Library/Frameworks/AVFoundation.framework/Versions/A/AVFoundation
0x000000002b3b9000 	/System/Library/Frameworks/CoreMedia.framework/Versions/A/CoreMedia
0x000000002b3b9000 	/System/Library/Frameworks/AddressBook.framework/Versions/A/AddressBook
0x000000002b3b9000 	/System/Library/Frameworks/ImageCaptureCore.framework/Versions/A/ImageCaptureCore
0x000000002b3b9000 	/System/Library/Frameworks/SecurityInterface.framework/Versions/A/SecurityInterface
0x000000012b8c9000 	/System/Library/Frameworks/CoreMIDI.framework/Versions/A/CoreMIDI
0x000000002b3b9000 	/System/Library/Frameworks/GameController.framework/Versions/A/GameController
0x000000002b3b9000 	/System/Library/Frameworks/Quartz.framework/Versions/A/Frameworks/QuartzComposer.framework/Versions/A/QuartzComposer
0x000000002b3b9000 	/System/Library/Frameworks/Quartz.framework/Versions/A/Frameworks/PDFKit.framework/Versions/A/PDFKit
0x000000002b3b9000 	/System/Library/Frameworks/Quartz.framework/Versions/A/Frameworks/QuartzFilters.framework/Versions/A/QuartzFilters
0x000000002b3b9000 	/System/Library/Frameworks/Quartz.framework/Versions/A/Frameworks/ImageKit.framework/Versions/A/ImageKit
0x000000002b3b9000 	/System/Library/Frameworks/Quartz.framework/Versions/A/Frameworks/QuickLookUI.framework/Versions/A/QuickLookUI
0x000000002b3b9000 	/System/Library/Frameworks/JavaScriptCore.framework/Versions/A/JavaScriptCore
0x000000002b3b9000 	/System/Library/Frameworks/QTKit.framework/Versions/A/QTKit
0x000000002b3b9000 	/System/Library/PrivateFrameworks/AppleSystemInfo.framework/Versions/A/AppleSystemInfo
0x000000002b3b9000 	/System/Library/Frameworks/MediaToolbox.framework/Versions/A/MediaToolbox
0x000000002b3b9000 	/System/Library/Frameworks/VideoToolbox.framework/Versions/A/VideoToolbox
0x000000002b3b9000 	/System/Library/PrivateFrameworks/CoreMediaAuthoring.framework/Versions/A/CoreMediaAuthoring
0x000000002b3b9000 	/System/Library/Frameworks/CoreMediaIO.framework/Versions/A/CoreMediaIO
0x000000002b3b9000 	/System/Library/Frameworks/AVFoundation.framework/Versions/A/Frameworks/AVFAudio.framework/Versions/A/AVFAudio
0x000000002b3b9000 	/System/Library/PrivateFrameworks/IntlPreferences.framework/Versions/A/IntlPreferences
0x000000002b3b9000 	/usr/lib/libspindump.dylib
0x000000002b3b9000 	/usr/lib/libdscsym.dylib
0x000000002b3b9000 	/System/Library/PrivateFrameworks/CoreAVCHD.framework/Versions/A/CoreAVCHD
0x000000002b3b9000 	/System/Library/Frameworks/MediaAccessibility.framework/Versions/A/MediaAccessibility
0x000000002b3b9000 	/System/Library/PrivateFrameworks/Mangrove.framework/Versions/A/Mangrove
0x000000002b3b9000 	/System/Library/PrivateFrameworks/CoreAUC.framework/Versions/A/CoreAUC
0x000000002b3b9000 	/System/Library/PrivateFrameworks/AppleVA.framework/Versions/A/AppleVA
0x000000002b3b9000 	/System/Library/PrivateFrameworks/CorePDF.framework/Versions/A/CorePDF
0x000000002b3b9000 	/System/Library/Frameworks/SafariServices.framework/Versions/A/SafariServices
0x000000002b3b9000 	/System/Library/Frameworks/QuickLook.framework/Versions/A/QuickLook
0x000000002b3b9000 	/System/Library/PrivateFrameworks/MobileKeyBag.framework/Versions/A/MobileKeyBag
0x000000002b3b9000 	/System/Library/PrivateFrameworks/QuickLookThumbnailing.framework/Versions/A/QuickLookThumbnailing
0x000000002b3b9000 	/System/Library/PrivateFrameworks/DisplayServices.framework/Versions/A/DisplayServices
0x000000002b3b9000 	/System/Library/PrivateFrameworks/ContactsPersistence.framework/Versions/A/ContactsPersistence
0x000000002b3b9000 	/System/Library/PrivateFrameworks/CalendarAgentLink.framework/Versions/A/CalendarAgentLink
0x000000002b3b9000 	/System/Library/PrivateFrameworks/ContactsFoundation.framework/Versions/A/ContactsFoundation
0x000000002b3b9000 	/System/Library/PrivateFrameworks/vCard.framework/Versions/A/vCard
0x000000002b3b9000 	/System/Library/PrivateFrameworks/ToneLibrary.framework/Versions/A/ToneLibrary
0x000000002b3b9000 	/System/Library/PrivateFrameworks/ToneKit.framework/Versions/A/ToneKit
0x000000002b3b9000 	/System/Library/PrivateFrameworks/ApplePushService.framework/Versions/A/ApplePushService
0x000000002b3b9000 	/System/Library/PrivateFrameworks/PhoneNumbers.framework/Versions/A/PhoneNumbers
0x000000002b3b9000 	/System/Library/Frameworks/Accounts.framework/Versions/A/Accounts
0x000000002b3b9000 	/System/Library/PrivateFrameworks/OAuth.framework/Versions/A/OAuth
0x000000011b5ad000 	/usr/lib/libexpat.1.dylib
0x000000002b3b9000 	/System/Library/PrivateFrameworks/CloudDocs.framework/Versions/A/CloudDocs
0x000000002b3b9000 	/System/Library/Frameworks/CloudKit.framework/Versions/A/CloudKit
0x000000002b3b9000 	/System/Library/PrivateFrameworks/MMCS.framework/Versions/A/MMCS
0x000000002b3b9000 	/System/Library/Frameworks/CoreLocation.framework/Versions/A/CoreLocation
0x000000002b3b9000 	/System/Library/PrivateFrameworks/AssetCacheServices.framework/Versions/A/AssetCacheServices
0x000000002b3b9000 	/System/Library/PrivateFrameworks/GeoServices.framework/Versions/A/GeoServices
0x000000011b8be000 	/System/Library/Extensions/AppleHDA.kext/Contents/PlugIns/AppleHDAHALPlugIn.bundle/Contents/MacOS/AppleHDAHALPlugIn
0x0000000158dde000 	/System/Library/Frameworks/CoreMediaIO.framework/Resources/VDC.plugin/Contents/MacOS/VDC
0x000000016cc7f000 	/System/Library/Components/CoreAudio.component/Contents/MacOS/CoreAudio

VM Arguments:
jvm_args: -Dfile.encoding=UTF-8 
java_command: Inicio.Principal
java_class_path (initial): /Users/sergiomoreno/Documents/examen/examen2v/MusLearn/bin:/Users/sergiomoreno/Desktop/jars/mysql-connector-java-5.1.41-bin.jar:/Users/sergiomoreno/Desktop/jars/license.jar:/Users/sergiomoreno/Desktop/jars/jxbrowser-win32-6.14.jar:/Users/sergiomoreno/Desktop/jars/jxbrowser-mac-6.14.jar:/Users/sergiomoreno/Desktop/jars/jxbrowser-linux64-6.14.jar:/Users/sergiomoreno/Desktop/jars/jxbrowser-linux32-6.14.jar:/Users/sergiomoreno/Desktop/jars/jxbrowser-6.14.jar:/Users/sergiomoreno/Desktop/jars/jsoup-1.7.2.jar:/Users/sergiomoreno/Desktop/jars/java-json.jar:/Users/sergiomoreno/Desktop/jars/commons-io-2.5.jar
Launcher Type: SUN_STANDARD

Environment Variables:
PATH=/usr/bin:/bin:/usr/sbin:/sbin
SHELL=/bin/bash
DISPLAY=/private/tmp/com.apple.launchd.yZElMX5x1c/org.macosforge.xquartz:0

Signal Handlers:
SIGSEGV: [libjvm.dylib+0x5af145], sa_mask[0]=11111111011111110111111111111111, sa_flags=SA_ONSTACK|SA_RESTART|SA_SIGINFO
SIGBUS: [libjvm.dylib+0x5af145], sa_mask[0]=11111111011111110111111111111111, sa_flags=SA_RESTART|SA_SIGINFO
SIGFPE: [libjvm.dylib+0x48694c], sa_mask[0]=11111111011111110111111111111111, sa_flags=SA_RESTART|SA_SIGINFO
SIGPIPE: [libjvm.dylib+0x48694c], sa_mask[0]=11111111011111110111111111111111, sa_flags=SA_RESTART|SA_SIGINFO
SIGXFSZ: [libjvm.dylib+0x48694c], sa_mask[0]=11111111011111110111111111111111, sa_flags=SA_RESTART|SA_SIGINFO
SIGILL: [libjvm.dylib+0x48694c], sa_mask[0]=11111111011111110111111111111111, sa_flags=SA_RESTART|SA_SIGINFO
SIGUSR1: SIG_DFL, sa_mask[0]=00000000000000000000000000000000, sa_flags=none
SIGUSR2: [libjvm.dylib+0x48646a], sa_mask[0]=00100000000000000000000000000000, sa_flags=SA_RESTART|SA_SIGINFO
SIGHUP: [libjvm.dylib+0x484a41], sa_mask[0]=11111111011111110111111111111111, sa_flags=SA_RESTART|SA_SIGINFO
SIGINT: [libjvm.dylib+0x484a41], sa_mask[0]=11111111011111110111111111111111, sa_flags=SA_RESTART|SA_SIGINFO
SIGTERM: [libjvm.dylib+0x484a41], sa_mask[0]=11111111011111110111111111111111, sa_flags=SA_RESTART|SA_SIGINFO
SIGQUIT: [libjvm.dylib+0x484a41], sa_mask[0]=11111111011111110111111111111111, sa_flags=SA_RESTART|SA_SIGINFO


---------------  S Y S T E M  ---------------

OS:Bsduname:Darwin 16.5.0 Darwin Kernel Version 16.5.0: Fri Mar  3 16:52:33 PST 2017; root:xnu-3789.51.2~3/RELEASE_X86_64 x86_64
rlimit: STACK 8192k, CORE 0k, NPROC 709, NOFILE 10240, AS infinity
load average:1.73 2.50 2.76

CPU:total 4 (2 cores per cpu, 2 threads per core) family 6 model 58 stepping 9, cmov, cx8, fxsr, mmx, sse, sse2, sse3, ssse3, sse4.1, sse4.2, popcnt, avx, aes, clmul, erms, ht, tsc, tscinvbit, tscinv

Memory: 4k page, physical 8388608k(219284k free)

/proc/meminfo:


vm_info: Java HotSpot(TM) 64-Bit Server VM (25.101-b13) for bsd-amd64 JRE (1.8.0_101-b13), built on Jun 22 2016 02:42:15 by "java_re" with gcc 4.2.1 (Based on Apple Inc. build 5658) (LLVM build 2336.11.00)

time: Tue May 23 17:12:32 2017
elapsed time: 476 seconds (0d 0h 7m 56s)

